<?xml version="1.0" encoding="UTF-8"?>
<!-- Generated by org.testng.reporters.JUnitXMLReporter -->
<testsuite hostname="SonyVaio-VAIO" name="Test" tests="7" failures="2" timestamp="15 May 2016 14:56:49 GMT" time="132.988" errors="0">
  <testcase name="readData" time="0.11" classname="SeleniumConcept.ReadDataFromNotepad"/>
  <testcase name="TestOR" time="0.001" classname="SeleniumConcept.Keyword_driven_repo">
    <failure type="java.io.FileNotFoundException" message=".Object_Repo.properties (The system cannot find the file specified)">
      <![CDATA[java.io.FileNotFoundException: .Object_Repo.properties (The system cannot find the file specified)
	at java.io.FileInputStream.open0(Native Method)
	at java.io.FileInputStream.open(Unknown Source)
	at java.io.FileInputStream.<init>(Unknown Source)
	at SeleniumConcept.Keyword_driven_repo.TestOR(Keyword_driven_repo.java:20)
... Removed 23 stack frames]]>
    </failure>
  </testcase> <!-- TestOR -->
  <testcase name="newTab" time="54.912" classname="SeleniumConcept.OpenInNewTab"/>
  <testcase name="doubleClick" time="20.536" classname="SeleniumConcept.DoubleClick"/>
  <testcase name="dateFormate" time="0.472" classname="SeleniumConcept.ChangeDateFormate"/>
  <testcase name="defaultfirefox" time="36.482" classname="SeleniumConcept.DefaultFirefox"/>
  <testcase name="newTab" time="20.378" classname="SeleniumConcept.WindowHandler_name">
    <failure type="org.openqa.selenium.NoSuchWindowException" message="Unable to locate window &amp;quot;Sign in - Google Accounts&amp;quot;
Command duration or timeout: 2.36 seconds
Build info: version: &amp;apos;2.53.0&amp;apos;, revision: &amp;apos;35ae25b&amp;apos;, time: &amp;apos;2016-03-15 16:57:40&amp;apos;
System info: host: &amp;apos;SonyVaio-VAIO&amp;apos;, ip: &amp;apos;192.168.1.4&amp;apos;, os.name: &amp;apos;Windows 7&amp;apos;, os.arch: &amp;apos;amd64&amp;apos;, os.version: &amp;apos;6.1&amp;apos;, java.version: &amp;apos;1.8.0_45&amp;apos;
Driver info: org.openqa.selenium.firefox.FirefoxDriver
Capabilities [{applicationCacheEnabled=true, rotatable=false, handlesAlerts=true, databaseEnabled=true, version=46.0.1, platform=WINDOWS, nativeEvents=false, acceptSslCerts=true, webStorageEnabled=true, locationContextEnabled=true, browserName=firefox, takesScreenshot=true, javascriptEnabled=true, cssSelectorsEnabled=true}]
Session ID: 86af01e5-6bb3-4178-b251-b07eb2b29cc7">
      <![CDATA[org.openqa.selenium.NoSuchWindowException: Unable to locate window "Sign in - Google Accounts"
Command duration or timeout: 2.36 seconds
Build info: version: '2.53.0', revision: '35ae25b', time: '2016-03-15 16:57:40'
System info: host: 'SonyVaio-VAIO', ip: '192.168.1.4', os.name: 'Windows 7', os.arch: 'amd64', os.version: '6.1', java.version: '1.8.0_45'
Driver info: org.openqa.selenium.firefox.FirefoxDriver
Capabilities [{applicationCacheEnabled=true, rotatable=false, handlesAlerts=true, databaseEnabled=true, version=46.0.1, platform=WINDOWS, nativeEvents=false, acceptSslCerts=true, webStorageEnabled=true, locationContextEnabled=true, browserName=firefox, takesScreenshot=true, javascriptEnabled=true, cssSelectorsEnabled=true}]
Session ID: 86af01e5-6bb3-4178-b251-b07eb2b29cc7
	at org.openqa.selenium.remote.ErrorHandler.createThrowable(ErrorHandler.java:206)
	at org.openqa.selenium.remote.ErrorHandler.throwIfResponseFailed(ErrorHandler.java:158)
	at org.openqa.selenium.remote.RemoteWebDriver.execute(RemoteWebDriver.java:678)
	at org.openqa.selenium.remote.RemoteWebDriver$RemoteTargetLocator.window(RemoteWebDriver.java:1015)
	at SeleniumConcept.WindowHandler_name.newTab(WindowHandler_name.java:28)
Caused by: org.openqa.selenium.NoSuchWindowException: Unable to locate window "Sign in - Google Accounts"
Build info: version: '2.53.0', revision: '35ae25b', time: '2016-03-15 16:57:40'
System info: host: 'SonyVaio-VAIO', ip: '192.168.1.4', os.name: 'Windows 7', os.arch: 'amd64', os.version: '6.1', java.version: '1.8.0_45'
Driver info: driver.version: unknown
	at <anonymous class>.nsCommandProcessor.prototype.switchToWindow(file:///C:/Users/SonyVaio/AppData/Local/Temp/anonymous8877032934553790509webdriver-profile/extensions/fxdriver@googlecode.com/components/command-processor.js:12753)
	at <anonymous class>.nsCommandProcessor.prototype.switchToWindow/<(file:///C:/Users/SonyVaio/AppData/Local/Temp/anonymous8877032934553790509webdriver-profile/extensions/fxdriver@googlecode.com/components/command-processor.js:12757)
... Removed 27 stack frames]]>
    </failure>
  </testcase> <!-- newTab -->
</testsuite> <!-- Test -->
