<?xml version="1.0" encoding="UTF-8"?>
<testng-results skipped="0" failed="0" total="1" passed="1">
  <reporter-output>
  </reporter-output>
  <suite name="Default suite" duration-ms="34531" started-at="2016-05-14T11:31:03Z" finished-at="2016-05-14T11:31:37Z">
    <groups>
    </groups>
    <test name="Default test" duration-ms="34531" started-at="2016-05-14T11:31:03Z" finished-at="2016-05-14T11:31:37Z">
      <class name="SeleniumConcept.DefaultFirefox">
        <test-method status="PASS" signature="defaultfirefox()[pri:0, instance:SeleniumConcept.DefaultFirefox@1593948d]" name="defaultfirefox" duration-ms="34439" started-at="2016-05-14T17:01:03Z" finished-at="2016-05-14T17:01:37Z">
          <reporter-output>
          </reporter-output>
        </test-method> <!-- defaultfirefox -->
      </class> <!-- SeleniumConcept.DefaultFirefox -->
    </test> <!-- Default test -->
  </suite> <!-- Default suite -->
</testng-results>
